d:\downloads\streambufferdll框架与测试程序（2015.07.24）学生\streambufferdll框架与测试程序（2015.07.24）学生\release\bufferdll.bsc
d:\downloads\streambufferdll框架与测试程序（2015.07.24）学生\streambufferdll框架与测试程序（2015.07.24）学生\release\bufferdll.lib
d:\downloads\streambufferdll框架与测试程序（2015.07.24）学生\streambufferdll框架与测试程序（2015.07.24）学生\release\bufferdll.exp
d:\downloads\streambufferdll框架与测试程序（2015.07.24）学生\streambufferdll框架与测试程序（2015.07.24）学生\bufferdll\release\bufferdll.pch
d:\downloads\streambufferdll框架与测试程序（2015.07.24）学生\streambufferdll框架与测试程序（2015.07.24）学生\bufferdll\release\vc120.pdb
d:\downloads\streambufferdll框架与测试程序（2015.07.24）学生\streambufferdll框架与测试程序（2015.07.24）学生\bufferdll\release\stdafx.sbr
d:\downloads\streambufferdll框架与测试程序（2015.07.24）学生\streambufferdll框架与测试程序（2015.07.24）学生\bufferdll\release\stdafx.obj
d:\downloads\streambufferdll框架与测试程序（2015.07.24）学生\streambufferdll框架与测试程序（2015.07.24）学生\bufferdll\release\dllmain.sbr
d:\downloads\streambufferdll框架与测试程序（2015.07.24）学生\streambufferdll框架与测试程序（2015.07.24）学生\bufferdll\release\dllmain.obj
d:\downloads\streambufferdll框架与测试程序（2015.07.24）学生\streambufferdll框架与测试程序（2015.07.24）学生\bufferdll\release\bufferdll.sbr
d:\downloads\streambufferdll框架与测试程序（2015.07.24）学生\streambufferdll框架与测试程序（2015.07.24）学生\bufferdll\release\bufferdll.obj
d:\downloads\streambufferdll框架与测试程序（2015.07.24）学生\streambufferdll框架与测试程序（2015.07.24）学生\release\bufferdll.dll
d:\downloads\streambufferdll框架与测试程序（2015.07.24）学生\streambufferdll框架与测试程序（2015.07.24）学生\release\bufferdll.pdb
d:\downloads\streambufferdll框架与测试程序（2015.07.24）学生\streambufferdll框架与测试程序（2015.07.24）学生\bufferdll\release\bufferdll.tlog\bscmake.command.1.tlog
d:\downloads\streambufferdll框架与测试程序（2015.07.24）学生\streambufferdll框架与测试程序（2015.07.24）学生\bufferdll\release\bufferdll.tlog\bscmake.read.1.tlog
d:\downloads\streambufferdll框架与测试程序（2015.07.24）学生\streambufferdll框架与测试程序（2015.07.24）学生\bufferdll\release\bufferdll.tlog\bscmake.write.1.tlog
d:\downloads\streambufferdll框架与测试程序（2015.07.24）学生\streambufferdll框架与测试程序（2015.07.24）学生\bufferdll\release\bufferdll.tlog\bufferdll.write.1u.tlog
d:\downloads\streambufferdll框架与测试程序（2015.07.24）学生\streambufferdll框架与测试程序（2015.07.24）学生\bufferdll\release\bufferdll.tlog\cl.command.1.tlog
d:\downloads\streambufferdll框架与测试程序（2015.07.24）学生\streambufferdll框架与测试程序（2015.07.24）学生\bufferdll\release\bufferdll.tlog\cl.read.1.tlog
d:\downloads\streambufferdll框架与测试程序（2015.07.24）学生\streambufferdll框架与测试程序（2015.07.24）学生\bufferdll\release\bufferdll.tlog\cl.write.1.tlog
d:\downloads\streambufferdll框架与测试程序（2015.07.24）学生\streambufferdll框架与测试程序（2015.07.24）学生\bufferdll\release\bufferdll.tlog\link.command.1.tlog
d:\downloads\streambufferdll框架与测试程序（2015.07.24）学生\streambufferdll框架与测试程序（2015.07.24）学生\bufferdll\release\bufferdll.tlog\link.read.1.tlog
d:\downloads\streambufferdll框架与测试程序（2015.07.24）学生\streambufferdll框架与测试程序（2015.07.24）学生\bufferdll\release\bufferdll.tlog\link.write.1.tlog
